<?xml version="1.0" encoding="utf-8"?>
<CoverageSession xmlns:xsd="http://www.w3.org/2001/XMLSchema" xmlns:xsi="http://www.w3.org/2001/XMLSchema-instance" Version="4.6.0.0">
  <Summary numSequencePoints="50" visitedSequencePoints="50" numBranchPoints="12" visitedBranchPoints="12" sequenceCoverage="100" branchCoverage="100" maxCyclomaticComplexity="2" minCyclomaticComplexity="1" maxCrapScore="2" minCrapScore="1" visitedClasses="2" numClasses="2" visitedMethods="10" numMethods="10" />
  <Modules>
    <Module hash="6E-22-17-2E-E2-E5-D6-9C-AC-4A-E6-12-C8-68-42-25-AE-0B-ED-BA">
      <Summary numSequencePoints="25" visitedSequencePoints="25" numBranchPoints="5" visitedBranchPoints="5" sequenceCoverage="100" branchCoverage="100" maxCyclomaticComplexity="1" minCyclomaticComplexity="1" maxCrapScore="2" minCrapScore="1" visitedClasses="1" numClasses="1" visitedMethods="5" numMethods="5" />
      <ModulePath>C:\Users\arun.manglick\Arun.Manglick\Arun.Manglick.Laptop\Arun.Manglick.APRJ\Arun.Manglick.Master\Arun.Manglick.NUnit\NUnit\bin\Debug\NUnit.dll</ModulePath>
      <ModuleTime>2019-05-21T15:35:17.4373563Z</ModuleTime>
      <ModuleName>NUnit</ModuleName>
      <Files>
        <File uid="1" fullPath="C:\Users\arun.manglick\Arun.Manglick\Arun.Manglick.Laptop\Arun.Manglick.APRJ\Arun.Manglick.Master\Arun.Manglick.NUnit\NUnit\TestClass_MathsLib.cs" />
      </Files>
      <Classes>
        <Class>
          <Summary numSequencePoints="25" visitedSequencePoints="25" numBranchPoints="5" visitedBranchPoints="5" sequenceCoverage="100" branchCoverage="100" maxCyclomaticComplexity="1" minCyclomaticComplexity="1" maxCrapScore="2" minCrapScore="1" visitedClasses="1" numClasses="1" visitedMethods="5" numMethods="5" />
          <FullName>NUnit.TestClass_MathsLib</FullName>
          <Methods>
            <Method visited="true" cyclomaticComplexity="1" nPathComplexity="0" sequenceCoverage="100" branchCoverage="100" crapScore="1" isConstructor="false" isStatic="false" isGetter="false" isSetter="false">
              <Summary numSequencePoints="5" visitedSequencePoints="5" numBranchPoints="1" visitedBranchPoints="1" sequenceCoverage="100" branchCoverage="100" maxCyclomaticComplexity="1" minCyclomaticComplexity="1" maxCrapScore="1" minCrapScore="1" visitedClasses="0" numClasses="0" visitedMethods="1" numMethods="1" />
              <MetadataToken>100663297</MetadataToken>
              <Name>System.Void NUnit.TestClass_MathsLib::AddTest()</Name>
              <FileRef uid="1" />
              <SequencePoints>
                <SequencePoint vc="1" uspid="1" ordinal="0" offset="0" sl="18" sc="9" el="18" ec="10" bec="0" bev="0" fileid="1">
                  <TrackedMethodRefs>
                    <TrackedMethodRef uid="1" vc="1" />
                  </TrackedMethodRefs>
                </SequencePoint>
                <SequencePoint vc="1" uspid="2" ordinal="1" offset="1" sl="19" sc="13" el="19" ec="40" bec="0" bev="0" fileid="1">
                  <TrackedMethodRefs>
                    <TrackedMethodRef uid="1" vc="1" />
                  </TrackedMethodRefs>
                </SequencePoint>
                <SequencePoint vc="1" uspid="3" ordinal="2" offset="7" sl="20" sc="13" el="20" ec="51" bec="0" bev="0" fileid="1">
                  <TrackedMethodRefs>
                    <TrackedMethodRef uid="1" vc="1" />
                  </TrackedMethodRefs>
                </SequencePoint>
                <SequencePoint vc="1" uspid="4" ordinal="3" offset="19" sl="21" sc="13" el="21" ec="41" bec="0" bev="0" fileid="1">
                  <TrackedMethodRefs>
                    <TrackedMethodRef uid="1" vc="1" />
                  </TrackedMethodRefs>
                </SequencePoint>
                <SequencePoint vc="1" uspid="5" ordinal="4" offset="38" sl="23" sc="9" el="23" ec="10" bec="0" bev="0" fileid="1">
                  <TrackedMethodRefs>
                    <TrackedMethodRef uid="1" vc="1" />
                  </TrackedMethodRefs>
                </SequencePoint>
              </SequencePoints>
              <BranchPoints />
              <MethodPoint xsi:type="SequencePoint" vc="1" uspid="1" ordinal="0" offset="0" sl="18" sc="9" el="18" ec="10" bec="0" bev="0" fileid="1">
                <TrackedMethodRefs>
                  <TrackedMethodRef uid="1" vc="1" />
                </TrackedMethodRefs>
              </MethodPoint>
            </Method>
            <Method visited="true" cyclomaticComplexity="1" nPathComplexity="0" sequenceCoverage="100" branchCoverage="100" crapScore="1" isConstructor="false" isStatic="false" isGetter="false" isSetter="false">
              <Summary numSequencePoints="5" visitedSequencePoints="5" numBranchPoints="1" visitedBranchPoints="1" sequenceCoverage="100" branchCoverage="100" maxCyclomaticComplexity="1" minCyclomaticComplexity="1" maxCrapScore="1" minCrapScore="1" visitedClasses="0" numClasses="0" visitedMethods="1" numMethods="1" />
              <MetadataToken>100663298</MetadataToken>
              <Name>System.Void NUnit.TestClass_MathsLib::AddTestFalse()</Name>
              <FileRef uid="1" />
              <SequencePoints>
                <SequencePoint vc="1" uspid="6" ordinal="0" offset="0" sl="28" sc="9" el="28" ec="10" bec="0" bev="0" fileid="1">
                  <TrackedMethodRefs>
                    <TrackedMethodRef uid="2" vc="1" />
                  </TrackedMethodRefs>
                </SequencePoint>
                <SequencePoint vc="1" uspid="7" ordinal="1" offset="1" sl="29" sc="13" el="29" ec="40" bec="0" bev="0" fileid="1">
                  <TrackedMethodRefs>
                    <TrackedMethodRef uid="2" vc="1" />
                  </TrackedMethodRefs>
                </SequencePoint>
                <SequencePoint vc="1" uspid="8" ordinal="2" offset="7" sl="30" sc="13" el="30" ec="52" bec="0" bev="0" fileid="1">
                  <TrackedMethodRefs>
                    <TrackedMethodRef uid="2" vc="1" />
                  </TrackedMethodRefs>
                </SequencePoint>
                <SequencePoint vc="1" uspid="9" ordinal="3" offset="19" sl="31" sc="13" el="31" ec="41" bec="0" bev="0" fileid="1">
                  <TrackedMethodRefs>
                    <TrackedMethodRef uid="2" vc="1" />
                  </TrackedMethodRefs>
                </SequencePoint>
                <SequencePoint vc="1" uspid="10" ordinal="4" offset="38" sl="33" sc="9" el="33" ec="10" bec="0" bev="0" fileid="1">
                  <TrackedMethodRefs>
                    <TrackedMethodRef uid="2" vc="1" />
                  </TrackedMethodRefs>
                </SequencePoint>
              </SequencePoints>
              <BranchPoints />
              <MethodPoint xsi:type="SequencePoint" vc="1" uspid="6" ordinal="0" offset="0" sl="28" sc="9" el="28" ec="10" bec="0" bev="0" fileid="1">
                <TrackedMethodRefs>
                  <TrackedMethodRef uid="2" vc="1" />
                </TrackedMethodRefs>
              </MethodPoint>
            </Method>
            <Method visited="true" cyclomaticComplexity="1" nPathComplexity="0" sequenceCoverage="100" branchCoverage="100" crapScore="1" isConstructor="false" isStatic="false" isGetter="false" isSetter="false">
              <Summary numSequencePoints="5" visitedSequencePoints="5" numBranchPoints="1" visitedBranchPoints="1" sequenceCoverage="100" branchCoverage="100" maxCyclomaticComplexity="1" minCyclomaticComplexity="1" maxCrapScore="1" minCrapScore="1" visitedClasses="0" numClasses="0" visitedMethods="1" numMethods="1" />
              <MetadataToken>100663299</MetadataToken>
              <Name>System.Void NUnit.TestClass_MathsLib::SubtractTest()</Name>
              <FileRef uid="1" />
              <SequencePoints>
                <SequencePoint vc="1" uspid="11" ordinal="0" offset="0" sl="39" sc="9" el="39" ec="10" bec="0" bev="0" fileid="1">
                  <TrackedMethodRefs>
                    <TrackedMethodRef uid="3" vc="1" />
                  </TrackedMethodRefs>
                </SequencePoint>
                <SequencePoint vc="1" uspid="12" ordinal="1" offset="1" sl="40" sc="13" el="40" ec="40" bec="0" bev="0" fileid="1">
                  <TrackedMethodRefs>
                    <TrackedMethodRef uid="3" vc="1" />
                  </TrackedMethodRefs>
                </SequencePoint>
                <SequencePoint vc="1" uspid="13" ordinal="2" offset="7" sl="41" sc="13" el="41" ec="50" bec="0" bev="0" fileid="1">
                  <TrackedMethodRefs>
                    <TrackedMethodRef uid="3" vc="1" />
                  </TrackedMethodRefs>
                </SequencePoint>
                <SequencePoint vc="1" uspid="14" ordinal="3" offset="18" sl="42" sc="13" el="42" ec="41" bec="0" bev="0" fileid="1">
                  <TrackedMethodRefs>
                    <TrackedMethodRef uid="3" vc="1" />
                  </TrackedMethodRefs>
                </SequencePoint>
                <SequencePoint vc="1" uspid="15" ordinal="4" offset="37" sl="43" sc="9" el="43" ec="10" bec="0" bev="0" fileid="1">
                  <TrackedMethodRefs>
                    <TrackedMethodRef uid="3" vc="1" />
                  </TrackedMethodRefs>
                </SequencePoint>
              </SequencePoints>
              <BranchPoints />
              <MethodPoint xsi:type="SequencePoint" vc="1" uspid="11" ordinal="0" offset="0" sl="39" sc="9" el="39" ec="10" bec="0" bev="0" fileid="1">
                <TrackedMethodRefs>
                  <TrackedMethodRef uid="3" vc="1" />
                </TrackedMethodRefs>
              </MethodPoint>
            </Method>
            <Method visited="true" cyclomaticComplexity="1" nPathComplexity="0" sequenceCoverage="100" branchCoverage="100" crapScore="1" isConstructor="false" isStatic="false" isGetter="false" isSetter="false">
              <Summary numSequencePoints="5" visitedSequencePoints="5" numBranchPoints="1" visitedBranchPoints="1" sequenceCoverage="100" branchCoverage="100" maxCyclomaticComplexity="1" minCyclomaticComplexity="1" maxCrapScore="1" minCrapScore="1" visitedClasses="0" numClasses="0" visitedMethods="1" numMethods="1" />
              <MetadataToken>100663300</MetadataToken>
              <Name>System.Void NUnit.TestClass_MathsLib::MultTest()</Name>
              <FileRef uid="1" />
              <SequencePoints>
                <SequencePoint vc="1" uspid="16" ordinal="0" offset="0" sl="49" sc="9" el="49" ec="10" bec="0" bev="0" fileid="1">
                  <TrackedMethodRefs>
                    <TrackedMethodRef uid="4" vc="1" />
                  </TrackedMethodRefs>
                </SequencePoint>
                <SequencePoint vc="1" uspid="17" ordinal="1" offset="1" sl="50" sc="13" el="50" ec="40" bec="0" bev="0" fileid="1">
                  <TrackedMethodRefs>
                    <TrackedMethodRef uid="4" vc="1" />
                  </TrackedMethodRefs>
                </SequencePoint>
                <SequencePoint vc="1" uspid="18" ordinal="2" offset="7" sl="51" sc="13" el="51" ec="50" bec="0" bev="0" fileid="1">
                  <TrackedMethodRefs>
                    <TrackedMethodRef uid="4" vc="1" />
                  </TrackedMethodRefs>
                </SequencePoint>
                <SequencePoint vc="1" uspid="19" ordinal="3" offset="18" sl="52" sc="13" el="52" ec="42" bec="0" bev="0" fileid="1">
                  <TrackedMethodRefs>
                    <TrackedMethodRef uid="4" vc="1" />
                  </TrackedMethodRefs>
                </SequencePoint>
                <SequencePoint vc="1" uspid="20" ordinal="4" offset="40" sl="53" sc="9" el="53" ec="10" bec="0" bev="0" fileid="1">
                  <TrackedMethodRefs>
                    <TrackedMethodRef uid="4" vc="1" />
                  </TrackedMethodRefs>
                </SequencePoint>
              </SequencePoints>
              <BranchPoints />
              <MethodPoint xsi:type="SequencePoint" vc="1" uspid="16" ordinal="0" offset="0" sl="49" sc="9" el="49" ec="10" bec="0" bev="0" fileid="1">
                <TrackedMethodRefs>
                  <TrackedMethodRef uid="4" vc="1" />
                </TrackedMethodRefs>
              </MethodPoint>
            </Method>
            <Method visited="true" cyclomaticComplexity="1" nPathComplexity="0" sequenceCoverage="100" branchCoverage="100" crapScore="1" isConstructor="false" isStatic="false" isGetter="false" isSetter="false">
              <Summary numSequencePoints="5" visitedSequencePoints="5" numBranchPoints="1" visitedBranchPoints="1" sequenceCoverage="100" branchCoverage="100" maxCyclomaticComplexity="1" minCyclomaticComplexity="1" maxCrapScore="1" minCrapScore="1" visitedClasses="0" numClasses="0" visitedMethods="1" numMethods="1" />
              <MetadataToken>100663301</MetadataToken>
              <Name>System.Void NUnit.TestClass_MathsLib::DivTest()</Name>
              <FileRef uid="1" />
              <SequencePoints>
                <SequencePoint vc="1" uspid="21" ordinal="0" offset="0" sl="59" sc="9" el="59" ec="10" bec="0" bev="0" fileid="1">
                  <TrackedMethodRefs>
                    <TrackedMethodRef uid="5" vc="1" />
                  </TrackedMethodRefs>
                </SequencePoint>
                <SequencePoint vc="1" uspid="22" ordinal="1" offset="1" sl="60" sc="13" el="60" ec="40" bec="0" bev="0" fileid="1">
                  <TrackedMethodRefs>
                    <TrackedMethodRef uid="5" vc="1" />
                  </TrackedMethodRefs>
                </SequencePoint>
                <SequencePoint vc="1" uspid="23" ordinal="2" offset="7" sl="61" sc="13" el="61" ec="48" bec="0" bev="0" fileid="1">
                  <TrackedMethodRefs>
                    <TrackedMethodRef uid="5" vc="1" />
                  </TrackedMethodRefs>
                </SequencePoint>
                <SequencePoint vc="1" uspid="24" ordinal="3" offset="18" sl="62" sc="13" el="62" ec="40" bec="0" bev="0" fileid="1">
                  <TrackedMethodRefs>
                    <TrackedMethodRef uid="5" vc="1" />
                  </TrackedMethodRefs>
                </SequencePoint>
                <SequencePoint vc="1" uspid="25" ordinal="4" offset="36" sl="63" sc="9" el="63" ec="10" bec="0" bev="0" fileid="1">
                  <TrackedMethodRefs>
                    <TrackedMethodRef uid="5" vc="1" />
                  </TrackedMethodRefs>
                </SequencePoint>
              </SequencePoints>
              <BranchPoints />
              <MethodPoint xsi:type="SequencePoint" vc="1" uspid="21" ordinal="0" offset="0" sl="59" sc="9" el="59" ec="10" bec="0" bev="0" fileid="1">
                <TrackedMethodRefs>
                  <TrackedMethodRef uid="5" vc="1" />
                </TrackedMethodRefs>
              </MethodPoint>
            </Method>
            <Method visited="false" cyclomaticComplexity="1" nPathComplexity="0" sequenceCoverage="0" branchCoverage="0" crapScore="2" isConstructor="true" isStatic="false" isGetter="false" isSetter="false">
              <Summary numSequencePoints="0" visitedSequencePoints="0" numBranchPoints="0" visitedBranchPoints="0" sequenceCoverage="0" branchCoverage="0" maxCyclomaticComplexity="1" minCyclomaticComplexity="1" maxCrapScore="2" minCrapScore="2" visitedClasses="0" numClasses="0" visitedMethods="0" numMethods="0" />
              <MetadataToken>100663302</MetadataToken>
              <Name>System.Void NUnit.TestClass_MathsLib::.ctor()</Name>
              <SequencePoints />
              <BranchPoints />
              <MethodPoint vc="0" uspid="26" ordinal="0" offset="0" />
            </Method>
          </Methods>
        </Class>
      </Classes>
      <TrackedMethods>
        <TrackedMethod uid="1" token="100663297" name="System.Void NUnit.TestClass_MathsLib::AddTest()" strategy="NUnitTest" />
        <TrackedMethod uid="2" token="100663298" name="System.Void NUnit.TestClass_MathsLib::AddTestFalse()" strategy="NUnitTest" />
        <TrackedMethod uid="3" token="100663299" name="System.Void NUnit.TestClass_MathsLib::SubtractTest()" strategy="NUnitTest" />
        <TrackedMethod uid="4" token="100663300" name="System.Void NUnit.TestClass_MathsLib::MultTest()" strategy="NUnitTest" />
        <TrackedMethod uid="5" token="100663301" name="System.Void NUnit.TestClass_MathsLib::DivTest()" strategy="NUnitTest" />
      </TrackedMethods>
    </Module>
    <Module hash="88-29-8F-75-A1-2E-91-C2-EA-D4-54-3B-5C-3F-7F-2E-29-07-D4-A1">
      <Summary numSequencePoints="25" visitedSequencePoints="25" numBranchPoints="7" visitedBranchPoints="7" sequenceCoverage="100" branchCoverage="100" maxCyclomaticComplexity="2" minCyclomaticComplexity="1" maxCrapScore="2" minCrapScore="1" visitedClasses="1" numClasses="1" visitedMethods="5" numMethods="5" />
      <ModulePath>C:\Users\arun.manglick\Arun.Manglick\Arun.Manglick.Laptop\Arun.Manglick.APRJ\Arun.Manglick.Master\Arun.Manglick.NUnit\NUnit\bin\Debug\MathsHelper.dll</ModulePath>
      <ModuleTime>2019-05-21T15:33:29.2060298Z</ModuleTime>
      <ModuleName>MathsHelper</ModuleName>
      <Files>
        <File uid="3" fullPath="C:\Users\arun.manglick\Arun.Manglick\Arun.Manglick.Laptop\Arun.Manglick.APRJ\Arun.Manglick.Master\MathsHelper\MathsHelper.cs" />
      </Files>
      <Classes>
        <Class>
          <Summary numSequencePoints="25" visitedSequencePoints="25" numBranchPoints="7" visitedBranchPoints="7" sequenceCoverage="100" branchCoverage="100" maxCyclomaticComplexity="2" minCyclomaticComplexity="1" maxCrapScore="2" minCrapScore="1" visitedClasses="1" numClasses="1" visitedMethods="5" numMethods="5" />
          <FullName>MathsHelper.Maths</FullName>
          <Methods>
            <Method visited="true" cyclomaticComplexity="1" nPathComplexity="0" sequenceCoverage="100" branchCoverage="100" crapScore="1" isConstructor="true" isStatic="false" isGetter="false" isSetter="false">
              <Summary numSequencePoints="3" visitedSequencePoints="3" numBranchPoints="1" visitedBranchPoints="1" sequenceCoverage="100" branchCoverage="100" maxCyclomaticComplexity="1" minCyclomaticComplexity="1" maxCrapScore="1" minCrapScore="1" visitedClasses="0" numClasses="0" visitedMethods="1" numMethods="1" />
              <MetadataToken>100663297</MetadataToken>
              <Name>System.Void MathsHelper.Maths::.ctor()</Name>
              <FileRef uid="3" />
              <SequencePoints>
                <SequencePoint vc="5" uspid="27" ordinal="0" offset="0" sl="11" sc="9" el="11" ec="23" bec="0" bev="0" fileid="3">
                  <TrackedMethodRefs>
                    <TrackedMethodRef uid="1" vc="1" />
                    <TrackedMethodRef uid="2" vc="1" />
                    <TrackedMethodRef uid="5" vc="1" />
                    <TrackedMethodRef uid="4" vc="1" />
                    <TrackedMethodRef uid="3" vc="1" />
                  </TrackedMethodRefs>
                </SequencePoint>
                <SequencePoint vc="5" uspid="28" ordinal="1" offset="7" sl="11" sc="24" el="11" ec="25" bec="0" bev="0" fileid="3">
                  <TrackedMethodRefs>
                    <TrackedMethodRef uid="1" vc="1" />
                    <TrackedMethodRef uid="2" vc="1" />
                    <TrackedMethodRef uid="5" vc="1" />
                    <TrackedMethodRef uid="4" vc="1" />
                    <TrackedMethodRef uid="3" vc="1" />
                  </TrackedMethodRefs>
                </SequencePoint>
                <SequencePoint vc="5" uspid="29" ordinal="2" offset="8" sl="11" sc="26" el="11" ec="27" bec="0" bev="0" fileid="3">
                  <TrackedMethodRefs>
                    <TrackedMethodRef uid="1" vc="1" />
                    <TrackedMethodRef uid="2" vc="1" />
                    <TrackedMethodRef uid="5" vc="1" />
                    <TrackedMethodRef uid="4" vc="1" />
                    <TrackedMethodRef uid="3" vc="1" />
                  </TrackedMethodRefs>
                </SequencePoint>
              </SequencePoints>
              <BranchPoints />
              <MethodPoint xsi:type="SequencePoint" vc="5" uspid="27" ordinal="0" offset="0" sl="11" sc="9" el="11" ec="23" bec="0" bev="0" fileid="3">
                <TrackedMethodRefs>
                  <TrackedMethodRef uid="1" vc="1" />
                  <TrackedMethodRef uid="2" vc="1" />
                  <TrackedMethodRef uid="5" vc="1" />
                  <TrackedMethodRef uid="4" vc="1" />
                  <TrackedMethodRef uid="3" vc="1" />
                </TrackedMethodRefs>
              </MethodPoint>
            </Method>
            <Method visited="true" cyclomaticComplexity="2" nPathComplexity="2" sequenceCoverage="100" branchCoverage="100" crapScore="2" isConstructor="false" isStatic="false" isGetter="false" isSetter="false">
              <Summary numSequencePoints="10" visitedSequencePoints="10" numBranchPoints="3" visitedBranchPoints="3" sequenceCoverage="100" branchCoverage="100" maxCyclomaticComplexity="2" minCyclomaticComplexity="2" maxCrapScore="2" minCrapScore="2" visitedClasses="0" numClasses="0" visitedMethods="1" numMethods="1" />
              <MetadataToken>100663298</MetadataToken>
              <Name>System.Int32 MathsHelper.Maths::Add(System.Int32,System.Int32,System.Boolean)</Name>
              <FileRef uid="3" />
              <SequencePoints>
                <SequencePoint vc="2" uspid="30" ordinal="0" offset="0" sl="13" sc="9" el="13" ec="10" bec="0" bev="0" fileid="3">
                  <TrackedMethodRefs>
                    <TrackedMethodRef uid="1" vc="1" />
                    <TrackedMethodRef uid="2" vc="1" />
                  </TrackedMethodRefs>
                </SequencePoint>
                <SequencePoint vc="2" uspid="31" ordinal="1" offset="1" sl="14" sc="13" el="14" ec="23" bec="0" bev="0" fileid="3">
                  <TrackedMethodRefs>
                    <TrackedMethodRef uid="1" vc="1" />
                    <TrackedMethodRef uid="2" vc="1" />
                  </TrackedMethodRefs>
                </SequencePoint>
                <SequencePoint vc="2" uspid="32" ordinal="2" offset="3" sl="15" sc="13" el="15" ec="22" bec="2" bev="2" fileid="3">
                  <TrackedMethodRefs>
                    <TrackedMethodRef uid="1" vc="1" />
                    <TrackedMethodRef uid="2" vc="1" />
                  </TrackedMethodRefs>
                </SequencePoint>
                <SequencePoint vc="1" uspid="33" ordinal="3" offset="8" sl="16" sc="13" el="16" ec="14" bec="0" bev="0" fileid="3">
                  <TrackedMethodRefs>
                    <TrackedMethodRef uid="1" vc="1" />
                  </TrackedMethodRefs>
                </SequencePoint>
                <SequencePoint vc="1" uspid="34" ordinal="4" offset="9" sl="17" sc="17" el="17" ec="27" bec="0" bev="0" fileid="3">
                  <TrackedMethodRefs>
                    <TrackedMethodRef uid="1" vc="1" />
                  </TrackedMethodRefs>
                </SequencePoint>
                <SequencePoint vc="1" uspid="35" ordinal="5" offset="13" sl="18" sc="17" el="18" ec="26" bec="0" bev="0" fileid="3">
                  <TrackedMethodRefs>
                    <TrackedMethodRef uid="1" vc="1" />
                  </TrackedMethodRefs>
                </SequencePoint>
                <SequencePoint vc="1" uspid="36" ordinal="6" offset="17" sl="21" sc="13" el="21" ec="14" bec="0" bev="0" fileid="3">
                  <TrackedMethodRefs>
                    <TrackedMethodRef uid="2" vc="1" />
                  </TrackedMethodRefs>
                </SequencePoint>
                <SequencePoint vc="1" uspid="37" ordinal="7" offset="18" sl="22" sc="17" el="22" ec="31" bec="0" bev="0" fileid="3">
                  <TrackedMethodRefs>
                    <TrackedMethodRef uid="2" vc="1" />
                  </TrackedMethodRefs>
                </SequencePoint>
                <SequencePoint vc="1" uspid="38" ordinal="8" offset="24" sl="23" sc="17" el="23" ec="26" bec="0" bev="0" fileid="3">
                  <TrackedMethodRefs>
                    <TrackedMethodRef uid="2" vc="1" />
                  </TrackedMethodRefs>
                </SequencePoint>
                <SequencePoint vc="2" uspid="39" ordinal="9" offset="28" sl="26" sc="9" el="26" ec="10" bec="0" bev="0" fileid="3">
                  <TrackedMethodRefs>
                    <TrackedMethodRef uid="1" vc="1" />
                    <TrackedMethodRef uid="2" vc="1" />
                  </TrackedMethodRefs>
                </SequencePoint>
              </SequencePoints>
              <BranchPoints>
                <BranchPoint vc="1" uspid="40" ordinal="0" offset="6" sl="15" path="0" offsetend="8" fileid="3">
                  <TrackedMethodRefs>
                    <TrackedMethodRef uid="1" vc="1" />
                  </TrackedMethodRefs>
                </BranchPoint>
                <BranchPoint vc="1" uspid="41" ordinal="1" offset="6" sl="15" path="1" offsetend="17" fileid="3">
                  <TrackedMethodRefs>
                    <TrackedMethodRef uid="2" vc="1" />
                  </TrackedMethodRefs>
                </BranchPoint>
              </BranchPoints>
              <MethodPoint xsi:type="SequencePoint" vc="2" uspid="30" ordinal="0" offset="0" sl="13" sc="9" el="13" ec="10" bec="0" bev="0" fileid="3">
                <TrackedMethodRefs>
                  <TrackedMethodRef uid="1" vc="1" />
                  <TrackedMethodRef uid="2" vc="1" />
                </TrackedMethodRefs>
              </MethodPoint>
            </Method>
            <Method visited="true" cyclomaticComplexity="1" nPathComplexity="0" sequenceCoverage="100" branchCoverage="100" crapScore="1" isConstructor="false" isStatic="false" isGetter="false" isSetter="false">
              <Summary numSequencePoints="4" visitedSequencePoints="4" numBranchPoints="1" visitedBranchPoints="1" sequenceCoverage="100" branchCoverage="100" maxCyclomaticComplexity="1" minCyclomaticComplexity="1" maxCrapScore="1" minCrapScore="1" visitedClasses="0" numClasses="0" visitedMethods="1" numMethods="1" />
              <MetadataToken>100663299</MetadataToken>
              <Name>System.Int32 MathsHelper.Maths::Subtract(System.Int32,System.Int32)</Name>
              <FileRef uid="3" />
              <SequencePoints>
                <SequencePoint vc="1" uspid="42" ordinal="0" offset="0" sl="29" sc="9" el="29" ec="10" bec="0" bev="0" fileid="3">
                  <TrackedMethodRefs>
                    <TrackedMethodRef uid="3" vc="1" />
                  </TrackedMethodRefs>
                </SequencePoint>
                <SequencePoint vc="1" uspid="43" ordinal="1" offset="1" sl="30" sc="13" el="30" ec="27" bec="0" bev="0" fileid="3">
                  <TrackedMethodRefs>
                    <TrackedMethodRef uid="3" vc="1" />
                  </TrackedMethodRefs>
                </SequencePoint>
                <SequencePoint vc="1" uspid="44" ordinal="2" offset="5" sl="31" sc="13" el="31" ec="22" bec="0" bev="0" fileid="3">
                  <TrackedMethodRefs>
                    <TrackedMethodRef uid="3" vc="1" />
                  </TrackedMethodRefs>
                </SequencePoint>
                <SequencePoint vc="1" uspid="45" ordinal="3" offset="9" sl="32" sc="9" el="32" ec="10" bec="0" bev="0" fileid="3">
                  <TrackedMethodRefs>
                    <TrackedMethodRef uid="3" vc="1" />
                  </TrackedMethodRefs>
                </SequencePoint>
              </SequencePoints>
              <BranchPoints />
              <MethodPoint xsi:type="SequencePoint" vc="1" uspid="42" ordinal="0" offset="0" sl="29" sc="9" el="29" ec="10" bec="0" bev="0" fileid="3">
                <TrackedMethodRefs>
                  <TrackedMethodRef uid="3" vc="1" />
                </TrackedMethodRefs>
              </MethodPoint>
            </Method>
            <Method visited="true" cyclomaticComplexity="1" nPathComplexity="0" sequenceCoverage="100" branchCoverage="100" crapScore="1" isConstructor="false" isStatic="false" isGetter="false" isSetter="false">
              <Summary numSequencePoints="4" visitedSequencePoints="4" numBranchPoints="1" visitedBranchPoints="1" sequenceCoverage="100" branchCoverage="100" maxCyclomaticComplexity="1" minCyclomaticComplexity="1" maxCrapScore="1" minCrapScore="1" visitedClasses="0" numClasses="0" visitedMethods="1" numMethods="1" />
              <MetadataToken>100663300</MetadataToken>
              <Name>System.Int32 MathsHelper.Maths::Multiply(System.Int32,System.Int32)</Name>
              <FileRef uid="3" />
              <SequencePoints>
                <SequencePoint vc="1" uspid="46" ordinal="0" offset="0" sl="35" sc="9" el="35" ec="10" bec="0" bev="0" fileid="3">
                  <TrackedMethodRefs>
                    <TrackedMethodRef uid="4" vc="1" />
                  </TrackedMethodRefs>
                </SequencePoint>
                <SequencePoint vc="1" uspid="47" ordinal="1" offset="1" sl="36" sc="13" el="36" ec="27" bec="0" bev="0" fileid="3">
                  <TrackedMethodRefs>
                    <TrackedMethodRef uid="4" vc="1" />
                  </TrackedMethodRefs>
                </SequencePoint>
                <SequencePoint vc="1" uspid="48" ordinal="2" offset="5" sl="37" sc="13" el="37" ec="22" bec="0" bev="0" fileid="3">
                  <TrackedMethodRefs>
                    <TrackedMethodRef uid="4" vc="1" />
                  </TrackedMethodRefs>
                </SequencePoint>
                <SequencePoint vc="1" uspid="49" ordinal="3" offset="9" sl="38" sc="9" el="38" ec="10" bec="0" bev="0" fileid="3">
                  <TrackedMethodRefs>
                    <TrackedMethodRef uid="4" vc="1" />
                  </TrackedMethodRefs>
                </SequencePoint>
              </SequencePoints>
              <BranchPoints />
              <MethodPoint xsi:type="SequencePoint" vc="1" uspid="46" ordinal="0" offset="0" sl="35" sc="9" el="35" ec="10" bec="0" bev="0" fileid="3">
                <TrackedMethodRefs>
                  <TrackedMethodRef uid="4" vc="1" />
                </TrackedMethodRefs>
              </MethodPoint>
            </Method>
            <Method visited="true" cyclomaticComplexity="1" nPathComplexity="0" sequenceCoverage="100" branchCoverage="100" crapScore="1" isConstructor="false" isStatic="false" isGetter="false" isSetter="false">
              <Summary numSequencePoints="4" visitedSequencePoints="4" numBranchPoints="1" visitedBranchPoints="1" sequenceCoverage="100" branchCoverage="100" maxCyclomaticComplexity="1" minCyclomaticComplexity="1" maxCrapScore="1" minCrapScore="1" visitedClasses="0" numClasses="0" visitedMethods="1" numMethods="1" />
              <MetadataToken>100663301</MetadataToken>
              <Name>System.Int32 MathsHelper.Maths::Divide(System.Int32,System.Int32)</Name>
              <FileRef uid="3" />
              <SequencePoints>
                <SequencePoint vc="1" uspid="50" ordinal="0" offset="0" sl="41" sc="9" el="41" ec="10" bec="0" bev="0" fileid="3">
                  <TrackedMethodRefs>
                    <TrackedMethodRef uid="5" vc="1" />
                  </TrackedMethodRefs>
                </SequencePoint>
                <SequencePoint vc="1" uspid="51" ordinal="1" offset="1" sl="42" sc="13" el="42" ec="25" bec="0" bev="0" fileid="3">
                  <TrackedMethodRefs>
                    <TrackedMethodRef uid="5" vc="1" />
                  </TrackedMethodRefs>
                </SequencePoint>
                <SequencePoint vc="1" uspid="52" ordinal="2" offset="5" sl="43" sc="13" el="43" ec="22" bec="0" bev="0" fileid="3">
                  <TrackedMethodRefs>
                    <TrackedMethodRef uid="5" vc="1" />
                  </TrackedMethodRefs>
                </SequencePoint>
                <SequencePoint vc="1" uspid="53" ordinal="3" offset="9" sl="44" sc="9" el="44" ec="10" bec="0" bev="0" fileid="3">
                  <TrackedMethodRefs>
                    <TrackedMethodRef uid="5" vc="1" />
                  </TrackedMethodRefs>
                </SequencePoint>
              </SequencePoints>
              <BranchPoints />
              <MethodPoint xsi:type="SequencePoint" vc="1" uspid="50" ordinal="0" offset="0" sl="41" sc="9" el="41" ec="10" bec="0" bev="0" fileid="3">
                <TrackedMethodRefs>
                  <TrackedMethodRef uid="5" vc="1" />
                </TrackedMethodRefs>
              </MethodPoint>
            </Method>
          </Methods>
        </Class>
      </Classes>
      <TrackedMethods />
    </Module>
  </Modules>
</CoverageSession>