<?xml version="1.0" encoding="utf-8"?>
<CoverageSession xmlns:xsd="http://www.w3.org/2001/XMLSchema" xmlns:xsi="http://www.w3.org/2001/XMLSchema-instance" Version="4.6.0.0">
  <Summary numSequencePoints="25" visitedSequencePoints="0" numBranchPoints="5" visitedBranchPoints="0" sequenceCoverage="0" branchCoverage="0" maxCyclomaticComplexity="1" minCyclomaticComplexity="1" maxCrapScore="2" minCrapScore="2" visitedClasses="0" numClasses="1" visitedMethods="0" numMethods="5" />
  <Modules>
    <Module hash="AA-D5-50-85-03-0C-8E-56-B0-17-4A-0E-12-A4-AB-C2-F4-A8-6F-1F">
      <Summary numSequencePoints="25" visitedSequencePoints="0" numBranchPoints="5" visitedBranchPoints="0" sequenceCoverage="0" branchCoverage="0" maxCyclomaticComplexity="1" minCyclomaticComplexity="1" maxCrapScore="2" minCrapScore="2" visitedClasses="0" numClasses="1" visitedMethods="0" numMethods="5" />
      <ModulePath>C:\Users\arun.manglick\Arun.Manglick\Arun.Manglick.Laptop\Arun.Manglick.APRJ\Arun.Manglick.Master\Arun.Manglick.NUnit\NUnit\bin\Debug\NUnit.dll</ModulePath>
      <ModuleTime>2019-06-07T21:51:34.9750857Z</ModuleTime>
      <ModuleName>NUnit</ModuleName>
      <Files>
        <File uid="1" fullPath="C:\Users\arun.manglick\Arun.Manglick\Arun.Manglick.Laptop\Arun.Manglick.APRJ\Arun.Manglick.Master\Arun.Manglick.NUnit\NUnit\TestClass_MathsLib.cs" />
      </Files>
      <Classes>
        <Class>
          <Summary numSequencePoints="25" visitedSequencePoints="0" numBranchPoints="5" visitedBranchPoints="0" sequenceCoverage="0" branchCoverage="0" maxCyclomaticComplexity="1" minCyclomaticComplexity="1" maxCrapScore="2" minCrapScore="2" visitedClasses="0" numClasses="1" visitedMethods="0" numMethods="5" />
          <FullName>NUnit.TestClass_MathsLib</FullName>
          <Methods>
            <Method visited="false" cyclomaticComplexity="1" nPathComplexity="0" sequenceCoverage="0" branchCoverage="0" crapScore="2" isConstructor="false" isStatic="false" isGetter="false" isSetter="false">
              <Summary numSequencePoints="5" visitedSequencePoints="0" numBranchPoints="1" visitedBranchPoints="0" sequenceCoverage="0" branchCoverage="0" maxCyclomaticComplexity="1" minCyclomaticComplexity="1" maxCrapScore="2" minCrapScore="2" visitedClasses="0" numClasses="0" visitedMethods="0" numMethods="1" />
              <MetadataToken>100663297</MetadataToken>
              <Name>System.Void NUnit.TestClass_MathsLib::AddTest()</Name>
              <FileRef uid="1" />
              <SequencePoints>
                <SequencePoint vc="0" uspid="1" ordinal="0" offset="0" sl="18" sc="9" el="18" ec="10" bec="0" bev="0" fileid="1" />
                <SequencePoint vc="0" uspid="2" ordinal="1" offset="1" sl="19" sc="13" el="19" ec="40" bec="0" bev="0" fileid="1" />
                <SequencePoint vc="0" uspid="3" ordinal="2" offset="7" sl="20" sc="13" el="20" ec="51" bec="0" bev="0" fileid="1" />
                <SequencePoint vc="0" uspid="4" ordinal="3" offset="19" sl="21" sc="13" el="21" ec="41" bec="0" bev="0" fileid="1" />
                <SequencePoint vc="0" uspid="5" ordinal="4" offset="38" sl="23" sc="9" el="23" ec="10" bec="0" bev="0" fileid="1" />
              </SequencePoints>
              <BranchPoints />
              <MethodPoint xsi:type="SequencePoint" vc="0" uspid="1" ordinal="0" offset="0" sl="18" sc="9" el="18" ec="10" bec="0" bev="0" fileid="1" />
            </Method>
            <Method visited="false" cyclomaticComplexity="1" nPathComplexity="0" sequenceCoverage="0" branchCoverage="0" crapScore="2" isConstructor="false" isStatic="false" isGetter="false" isSetter="false">
              <Summary numSequencePoints="5" visitedSequencePoints="0" numBranchPoints="1" visitedBranchPoints="0" sequenceCoverage="0" branchCoverage="0" maxCyclomaticComplexity="1" minCyclomaticComplexity="1" maxCrapScore="2" minCrapScore="2" visitedClasses="0" numClasses="0" visitedMethods="0" numMethods="1" />
              <MetadataToken>100663298</MetadataToken>
              <Name>System.Void NUnit.TestClass_MathsLib::AddTestFalse()</Name>
              <FileRef uid="1" />
              <SequencePoints>
                <SequencePoint vc="0" uspid="6" ordinal="0" offset="0" sl="28" sc="9" el="28" ec="10" bec="0" bev="0" fileid="1" />
                <SequencePoint vc="0" uspid="7" ordinal="1" offset="1" sl="29" sc="13" el="29" ec="40" bec="0" bev="0" fileid="1" />
                <SequencePoint vc="0" uspid="8" ordinal="2" offset="7" sl="30" sc="13" el="30" ec="52" bec="0" bev="0" fileid="1" />
                <SequencePoint vc="0" uspid="9" ordinal="3" offset="19" sl="31" sc="13" el="31" ec="41" bec="0" bev="0" fileid="1" />
                <SequencePoint vc="0" uspid="10" ordinal="4" offset="38" sl="33" sc="9" el="33" ec="10" bec="0" bev="0" fileid="1" />
              </SequencePoints>
              <BranchPoints />
              <MethodPoint xsi:type="SequencePoint" vc="0" uspid="6" ordinal="0" offset="0" sl="28" sc="9" el="28" ec="10" bec="0" bev="0" fileid="1" />
            </Method>
            <Method visited="false" cyclomaticComplexity="1" nPathComplexity="0" sequenceCoverage="0" branchCoverage="0" crapScore="2" isConstructor="false" isStatic="false" isGetter="false" isSetter="false">
              <Summary numSequencePoints="5" visitedSequencePoints="0" numBranchPoints="1" visitedBranchPoints="0" sequenceCoverage="0" branchCoverage="0" maxCyclomaticComplexity="1" minCyclomaticComplexity="1" maxCrapScore="2" minCrapScore="2" visitedClasses="0" numClasses="0" visitedMethods="0" numMethods="1" />
              <MetadataToken>100663299</MetadataToken>
              <Name>System.Void NUnit.TestClass_MathsLib::SubtractTest()</Name>
              <FileRef uid="1" />
              <SequencePoints>
                <SequencePoint vc="0" uspid="11" ordinal="0" offset="0" sl="39" sc="9" el="39" ec="10" bec="0" bev="0" fileid="1" />
                <SequencePoint vc="0" uspid="12" ordinal="1" offset="1" sl="40" sc="13" el="40" ec="40" bec="0" bev="0" fileid="1" />
                <SequencePoint vc="0" uspid="13" ordinal="2" offset="7" sl="41" sc="13" el="41" ec="50" bec="0" bev="0" fileid="1" />
                <SequencePoint vc="0" uspid="14" ordinal="3" offset="18" sl="42" sc="13" el="42" ec="41" bec="0" bev="0" fileid="1" />
                <SequencePoint vc="0" uspid="15" ordinal="4" offset="37" sl="43" sc="9" el="43" ec="10" bec="0" bev="0" fileid="1" />
              </SequencePoints>
              <BranchPoints />
              <MethodPoint xsi:type="SequencePoint" vc="0" uspid="11" ordinal="0" offset="0" sl="39" sc="9" el="39" ec="10" bec="0" bev="0" fileid="1" />
            </Method>
            <Method visited="false" cyclomaticComplexity="1" nPathComplexity="0" sequenceCoverage="0" branchCoverage="0" crapScore="2" isConstructor="false" isStatic="false" isGetter="false" isSetter="false">
              <Summary numSequencePoints="5" visitedSequencePoints="0" numBranchPoints="1" visitedBranchPoints="0" sequenceCoverage="0" branchCoverage="0" maxCyclomaticComplexity="1" minCyclomaticComplexity="1" maxCrapScore="2" minCrapScore="2" visitedClasses="0" numClasses="0" visitedMethods="0" numMethods="1" />
              <MetadataToken>100663300</MetadataToken>
              <Name>System.Void NUnit.TestClass_MathsLib::MultTest()</Name>
              <FileRef uid="1" />
              <SequencePoints>
                <SequencePoint vc="0" uspid="16" ordinal="0" offset="0" sl="49" sc="9" el="49" ec="10" bec="0" bev="0" fileid="1" />
                <SequencePoint vc="0" uspid="17" ordinal="1" offset="1" sl="50" sc="13" el="50" ec="40" bec="0" bev="0" fileid="1" />
                <SequencePoint vc="0" uspid="18" ordinal="2" offset="7" sl="51" sc="13" el="51" ec="50" bec="0" bev="0" fileid="1" />
                <SequencePoint vc="0" uspid="19" ordinal="3" offset="18" sl="52" sc="13" el="52" ec="42" bec="0" bev="0" fileid="1" />
                <SequencePoint vc="0" uspid="20" ordinal="4" offset="40" sl="53" sc="9" el="53" ec="10" bec="0" bev="0" fileid="1" />
              </SequencePoints>
              <BranchPoints />
              <MethodPoint xsi:type="SequencePoint" vc="0" uspid="16" ordinal="0" offset="0" sl="49" sc="9" el="49" ec="10" bec="0" bev="0" fileid="1" />
            </Method>
            <Method visited="false" cyclomaticComplexity="1" nPathComplexity="0" sequenceCoverage="0" branchCoverage="0" crapScore="2" isConstructor="false" isStatic="false" isGetter="false" isSetter="false">
              <Summary numSequencePoints="5" visitedSequencePoints="0" numBranchPoints="1" visitedBranchPoints="0" sequenceCoverage="0" branchCoverage="0" maxCyclomaticComplexity="1" minCyclomaticComplexity="1" maxCrapScore="2" minCrapScore="2" visitedClasses="0" numClasses="0" visitedMethods="0" numMethods="1" />
              <MetadataToken>100663301</MetadataToken>
              <Name>System.Void NUnit.TestClass_MathsLib::DivTest()</Name>
              <FileRef uid="1" />
              <SequencePoints>
                <SequencePoint vc="0" uspid="21" ordinal="0" offset="0" sl="59" sc="9" el="59" ec="10" bec="0" bev="0" fileid="1" />
                <SequencePoint vc="0" uspid="22" ordinal="1" offset="1" sl="60" sc="13" el="60" ec="40" bec="0" bev="0" fileid="1" />
                <SequencePoint vc="0" uspid="23" ordinal="2" offset="7" sl="61" sc="13" el="61" ec="48" bec="0" bev="0" fileid="1" />
                <SequencePoint vc="0" uspid="24" ordinal="3" offset="18" sl="62" sc="13" el="62" ec="40" bec="0" bev="0" fileid="1" />
                <SequencePoint vc="0" uspid="25" ordinal="4" offset="36" sl="63" sc="9" el="63" ec="10" bec="0" bev="0" fileid="1" />
              </SequencePoints>
              <BranchPoints />
              <MethodPoint xsi:type="SequencePoint" vc="0" uspid="21" ordinal="0" offset="0" sl="59" sc="9" el="59" ec="10" bec="0" bev="0" fileid="1" />
            </Method>
            <Method visited="false" cyclomaticComplexity="1" nPathComplexity="0" sequenceCoverage="0" branchCoverage="0" crapScore="2" isConstructor="true" isStatic="false" isGetter="false" isSetter="false">
              <Summary numSequencePoints="0" visitedSequencePoints="0" numBranchPoints="0" visitedBranchPoints="0" sequenceCoverage="0" branchCoverage="0" maxCyclomaticComplexity="1" minCyclomaticComplexity="1" maxCrapScore="2" minCrapScore="2" visitedClasses="0" numClasses="0" visitedMethods="0" numMethods="0" />
              <MetadataToken>100663302</MetadataToken>
              <Name>System.Void NUnit.TestClass_MathsLib::.ctor()</Name>
              <SequencePoints />
              <BranchPoints />
              <MethodPoint vc="0" uspid="26" ordinal="0" offset="0" />
            </Method>
          </Methods>
        </Class>
      </Classes>
      <TrackedMethods>
        <TrackedMethod uid="1" token="100663297" name="System.Void NUnit.TestClass_MathsLib::AddTest()" strategy="NUnitTest" />
        <TrackedMethod uid="2" token="100663298" name="System.Void NUnit.TestClass_MathsLib::AddTestFalse()" strategy="NUnitTest" />
        <TrackedMethod uid="3" token="100663299" name="System.Void NUnit.TestClass_MathsLib::SubtractTest()" strategy="NUnitTest" />
        <TrackedMethod uid="4" token="100663300" name="System.Void NUnit.TestClass_MathsLib::MultTest()" strategy="NUnitTest" />
        <TrackedMethod uid="5" token="100663301" name="System.Void NUnit.TestClass_MathsLib::DivTest()" strategy="NUnitTest" />
      </TrackedMethods>
    </Module>
  </Modules>
</CoverageSession>